[0917/111043.956:ERROR:process_memory_win.cc(73)] ReadMemory at 0x150000 of 64 bytes failed: Only part of a ReadProcessMemory or WriteProcessMemory request was completed. (0x12B)
[0917/111044.285:WARNING:pe_image_reader.cc(340)] could not read dos header from C:\Program Files\Google\Chrome\Application\chrome.exe
[0917/111044.285:ERROR:process_memory_win.cc(73)] ReadMemory at 0x77440000 of 64 bytes failed: Only part of a ReadProcessMemory or WriteProcessMemory request was completed. (0x12B)
[0917/111044.285:WARNING:pe_image_reader.cc(340)] could not read dos header from C:\WINDOWS\SYSTEM32\ntdll.dll
[0917/111044.285:ERROR:process_memory_win.cc(73)] ReadMemory at 0x75ef0000 of 64 bytes failed: Only part of a ReadProcessMemory or WriteProcessMemory request was completed. (0x12B)
[0917/111044.285:WARNING:pe_image_reader.cc(340)] could not read dos header from C:\WINDOWS\System32\KERNEL32.DLL
[0917/111044.285:ERROR:process_memory_win.cc(73)] ReadMemory at 0x74d50000 of 64 bytes failed: Only part of a ReadProcessMemory or WriteProcessMemory request was completed. (0x12B)
[0917/111044.285:WARNING:pe_image_reader.cc(340)] could not read dos header from C:\WINDOWS\System32\KERNELBASE.dll
[0917/111044.285:ERROR:process_memory_win.cc(73)] ReadMemory at 0x79060000 of 64 bytes failed: Only part of a ReadProcessMemory or WriteProcessMemory request was completed. (0x12B)
[0917/111044.285:WARNING:pe_image_reader.cc(340)] could not read dos header from C:\Program Files\Google\Chrome\Application\85.0.4183.102\chrome_elf.dll
[0917/111044.285:ERROR:process_memory_win.cc(73)] ReadMemory at 0x6d210000 of 64 bytes failed: Only part of a ReadProcessMemory or WriteProcessMemory request was completed. (0x12B)
[0917/111044.285:WARNING:pe_image_reader.cc(340)] could not read dos header from C:\WINDOWS\SYSTEM32\VERSION.dll
[0917/111044.285:ERROR:process_memory_win.cc(73)] ReadMemory at 0x75c80000 of 64 bytes failed: Only part of a ReadProcessMemory or WriteProcessMemory request was completed. (0x12B)
[0917/111044.285:WARNING:pe_image_reader.cc(340)] could not read dos header from C:\WINDOWS\System32\msvcrt.dll
[0917/111044.285:ERROR:process_memory_win.cc(73)] ReadMemory at 0x752a0000 of 64 bytes failed: Only part of a ReadProcessMemory or WriteProcessMemory request was completed. (0x12B)
[0917/111044.285:WARNING:pe_image_reader.cc(340)] could not read dos header from C:\WINDOWS\System32\ADVAPI32.dll
[0917/111044.285:ERROR:process_memory_win.cc(73)] ReadMemory at 0x769a0000 of 64 bytes failed: Only part of a ReadProcessMemory or WriteProcessMemory request was completed. (0x12B)
[0917/111044.285:WARNING:pe_image_reader.cc(340)] could not read dos header from C:\WINDOWS\System32\sechost.dll
[0917/111044.285:ERROR:process_memory_win.cc(73)] ReadMemory at 0x75bb0000 of 64 bytes failed: Only part of a ReadProcessMemory or WriteProcessMemory request was completed. (0x12B)
[0917/111044.285:WARNING:pe_image_reader.cc(340)] could not read dos header from C:\WINDOWS\System32\RPCRT4.dll
[0917/111044.285:ERROR:process_memory_win.cc(73)] ReadMemory at 0xfba0000 of 64 bytes failed: Only part of a ReadProcessMemory or WriteProcessMemory request was completed. (0x12B)
[0917/111044.285:WARNING:pe_image_reader.cc(340)] could not read dos header from C:\Program Files\Google\Chrome\Application\85.0.4183.102\chrome.dll
[0917/111044.285:ERROR:process_memory_win.cc(73)] ReadMemory at 0x75b40000 of 64 bytes failed: Only part of a ReadProcessMemory or WriteProcessMemory request was completed. (0x12B)
[0917/111044.285:WARNING:pe_image_reader.cc(340)] could not read dos header from C:\WINDOWS\System32\WS2_32.dll
[0917/111044.285:ERROR:process_memory_win.cc(73)] ReadMemory at 0x761c0000 of 64 bytes failed: Only part of a ReadProcessMemory or WriteProcessMemory request was completed. (0x12B)
[0917/111044.285:WARNING:pe_image_reader.cc(340)] could not read dos header from C:\WINDOWS\System32\OLEAUT32.dll
[0917/111044.285:ERROR:process_memory_win.cc(73)] ReadMemory at 0x75210000 of 64 bytes failed: Only part of a ReadProcessMemory or WriteProcessMemory request was completed. (0x12B)
[0917/111044.285:WARNING:pe_image_reader.cc(340)] could not read dos header from C:\WINDOWS\System32\msvcp_win.dll
[0917/111044.285:ERROR:process_memory_win.cc(73)] ReadMemory at 0x74ff0000 of 64 bytes failed: Only part of a ReadProcessMemory or WriteProcessMemory request was completed. (0x12B)
[0917/111044.285:WARNING:pe_image_reader.cc(340)] could not read dos header from C:\WINDOWS\System32\ucrtbase.dll
[0917/111044.285:ERROR:process_memory_win.cc(73)] ReadMemory at 0x766c0000 of 64 bytes failed: Only part of a ReadProcessMemory or WriteProcessMemory request was completed. (0x12B)
[0917/111044.285:WARNING:pe_image_reader.cc(340)] could not read dos header from C:\WINDOWS\System32\combase.dll
[0917/111044.285:ERROR:process_memory_win.cc(73)] ReadMemory at 0x74be0000 of 64 bytes failed: Only part of a ReadProcessMemory or WriteProcessMemory request was completed. (0x12B)
[0917/111044.285:WARNING:pe_image_reader.cc(340)] could not read dos header from C:\WINDOWS\System32\WINTRUST.dll
[0917/111044.285:ERROR:process_memory_win.cc(73)] ReadMemory at 0x75110000 of 64 bytes failed: Only part of a ReadProcessMemory or WriteProcessMemory request was completed. (0x12B)
[0917/111044.285:WARNING:pe_image_reader.cc(340)] could not read dos header from C:\WINDOWS\System32\CRYPT32.dll
[0917/111044.285:ERROR:process_memory_win.cc(73)] ReadMemory at 0x74180000 of 64 bytes failed: Only part of a ReadProcessMemory or WriteProcessMemory request was completed. (0x12B)
[0917/111044.285:WARNING:pe_image_reader.cc(340)] could not read dos header from C:\WINDOWS\SYSTEM32\IPHLPAPI.DLL
[0917/111044.285:ERROR:process_memory_win.cc(73)] ReadMemory at 0x6fcc0000 of 64 bytes failed: Only part of a ReadProcessMemory or WriteProcessMemory request was completed. (0x12B)
[0917/111044.285:WARNING:pe_image_reader.cc(340)] could not read dos header from C:\WINDOWS\SYSTEM32\WINMM.dll
[0917/111044.285:ERROR:process_memory_win.cc(73)] ReadMemory at 0x54170000 of 64 bytes failed: Only part of a ReadProcessMemory or WriteProcessMemory request was completed. (0x12B)
[0917/111044.285:WARNING:pe_image_reader.cc(340)] could not read dos header from C:\WINDOWS\SYSTEM32\UIAutomationCore.DLL
[0917/111044.285:ERROR:process_memory_win.cc(73)] ReadMemory at 0x66920000 of 64 bytes failed: Only part of a ReadProcessMemory or WriteProcessMemory request was completed. (0x12B)
[0917/111044.285:WARNING:pe_image_reader.cc(340)] could not read dos header from C:\WINDOWS\SYSTEM32\Secur32.dll
[0917/111044.285:ERROR:process_memory_win.cc(73)] ReadMemory at 0x74a20000 of 64 bytes failed: Only part of a ReadProcessMemory or WriteProcessMemory request was completed. (0x12B)
[0917/111044.285:WARNING:pe_image_reader.cc(340)] could not read dos header from C:\WINDOWS\SYSTEM32\USERENV.dll
[0917/111044.285:ERROR:process_memory_win.cc(73)] ReadMemory at 0x6bcf0000 of 64 bytes failed: Only part of a ReadProcessMemory or WriteProcessMemory request was completed. (0x12B)
[0917/111044.285:WARNING:pe_image_reader.cc(340)] could not read dos header from C:\WINDOWS\SYSTEM32\DWrite.dll
[0917/111044.285:ERROR:process_memory_win.cc(73)] ReadMemory at 0x6ddf0000 of 64 bytes failed: Only part of a ReadProcessMemory or WriteProcessMemory request was completed. (0x12B)
[0917/111044.285:WARNING:pe_image_reader.cc(340)] could not read dos header from C:\WINDOWS\SYSTEM32\WINSPOOL.DRV
[0917/111044.285:ERROR:process_memory_win.cc(73)] ReadMemory at 0x6c7c0000 of 64 bytes failed: Only part of a ReadProcessMemory or WriteProcessMemory request was completed. (0x12B)
[0917/111044.285:WARNING:pe_image_reader.cc(340)] could not read dos header from C:\WINDOWS\SYSTEM32\dbghelp.dll
[0917/111044.293:ERROR:process_memory_win.cc(73)] ReadMemory at 0x69690000 of 64 bytes failed: Only part of a ReadProcessMemory or WriteProcessMemory request was completed. (0x12B)
[0917/111044.293:WARNING:pe_image_reader.cc(340)] could not read dos header from C:\WINDOWS\SYSTEM32\WINHTTP.dll
[0917/111044.293:ERROR:process_memory_win.cc(73)] ReadMemory at 0x6dbf0000 of 64 bytes failed: Only part of a ReadProcessMemory or WriteProcessMemory request was completed. (0x12B)
[0917/111044.309:WARNING:pe_image_reader.cc(340)] could not read dos header from C:\WINDOWS\SYSTEM32\dhcpcsvc.DLL
[0917/111044.309:ERROR:process_memory_win.cc(73)] ReadMemory at 0x71250000 of 64 bytes failed: Only part of a ReadProcessMemory or WriteProcessMemory request was completed. (0x12B)
[0917/111044.309:WARNING:pe_image_reader.cc(340)] could not read dos header from C:\WINDOWS\SYSTEM32\PROPSYS.dll
[0917/111044.309:ERROR:process_memory_win.cc(73)] ReadMemory at 0x74a50000 of 64 bytes failed: Only part of a ReadProcessMemory or WriteProcessMemory request was completed. (0x12B)
[0917/111044.309:WARNING:pe_image_reader.cc(340)] could not read dos header from C:\WINDOWS\SYSTEM32\SSPICLI.DLL
[0917/111044.309:ERROR:process_memory_win.cc(73)] ReadMemory at 0x74750000 of 64 bytes failed: Only part of a ReadProcessMemory or WriteProcessMemory request was completed. (0x12B)
[0917/111044.309:WARNING:pe_image_reader.cc(340)] could not read dos header from C:\WINDOWS\System32\MSASN1.dll
[0917/111044.309:ERROR:process_memory_win.cc(73)] ReadMemory at 0x74f90000 of 64 bytes failed: Only part of a ReadProcessMemory or WriteProcessMemory request was completed. (0x12B)
[0917/111044.309:WARNING:pe_image_reader.cc(340)] could not read dos header from C:\WINDOWS\System32\bcryptPrimitives.dll
[0917/111044.309:ERROR:process_memory_win.cc(73)] ReadMemory at 0x74570000 of 64 bytes failed: Only part of a ReadProcessMemory or WriteProcessMemory request was completed. (0x12B)
[0917/111044.309:WARNING:pe_image_reader.cc(340)] could not read dos header from C:\WINDOWS\SYSTEM32\CRYPTBASE.DLL
[0917/111044.445:ERROR:process_memory_win.cc(73)] ReadMemory at 0x2f78000 of 32768 bytes failed: Only part of a ReadProcessMemory or WriteProcessMemory request was completed. (0x12B)
[0917/111044.445:ERROR:process_memory_win.cc(73)] ReadMemory at 0x4ffe000 of 8192 bytes failed: Only part of a ReadProcessMemory or WriteProcessMemory request was completed. (0x12B)
[0917/111044.445:ERROR:process_memory_win.cc(73)] ReadMemory at 0x50fb000 of 20480 bytes failed: Only part of a ReadProcessMemory or WriteProcessMemory request was completed. (0x12B)
[0917/111044.445:ERROR:process_memory_win.cc(73)] ReadMemory at 0x51fe000 of 8192 bytes failed: Only part of a ReadProcessMemory or WriteProcessMemory request was completed. (0x12B)
[0917/111044.453:ERROR:process_memory_win.cc(73)] ReadMemory at 0x52fd000 of 12288 bytes failed: Only part of a ReadProcessMemory or WriteProcessMemory request was completed. (0x12B)
[0917/111044.453:ERROR:process_memory_win.cc(73)] ReadMemory at 0x547f000 of 4096 bytes failed: Only part of a ReadProcessMemory or WriteProcessMemory request was completed. (0x12B)
[0917/111044.453:ERROR:process_memory_win.cc(73)] ReadMemory at 0x557e000 of 8192 bytes failed: Only part of a ReadProcessMemory or WriteProcessMemory request was completed. (0x12B)
[0917/111044.453:ERROR:process_memory_win.cc(73)] ReadMemory at 0x5abe000 of 8192 bytes failed: Only part of a ReadProcessMemory or WriteProcessMemory request was completed. (0x12B)
[0917/111044.453:ERROR:process_memory_win.cc(73)] ReadMemory at 0x5cbe000 of 8192 bytes failed: Only part of a ReadProcessMemory or WriteProcessMemory request was completed. (0x12B)
[0917/111044.453:ERROR:process_memory_win.cc(73)] ReadMemory at 0x5dbe000 of 8192 bytes failed: Only part of a ReadProcessMemory or WriteProcessMemory request was completed. (0x12B)
[0917/111044.453:ERROR:process_memory_win.cc(73)] ReadMemory at 0x5ebe000 of 8192 bytes failed: Only part of a ReadProcessMemory or WriteProcessMemory request was completed. (0x12B)
[0917/111044.453:ERROR:process_memory_win.cc(73)] ReadMemory at 0x6dce000 of 8192 bytes failed: Only part of a ReadProcessMemory or WriteProcessMemory request was completed. (0x12B)
[0917/111044.453:ERROR:process_memory_win.cc(73)] ReadMemory at 0x77fe000 of 8192 bytes failed: Only part of a ReadProcessMemory or WriteProcessMemory request was completed. (0x12B)
[0917/111044.453:ERROR:process_memory_win.cc(73)] ReadMemory at 0xd24f000 of 4096 bytes failed: Only part of a ReadProcessMemory or WriteProcessMemory request was completed. (0x12B)
[0917/111044.963:ERROR:process_memory_win.cc(73)] ReadMemory at 0x2d5a000 of 560 bytes failed: Only part of a ReadProcessMemory or WriteProcessMemory request was completed. (0x12B)
[0917/111045.168:ERROR:process_memory_win.cc(73)] ReadMemory at 0x2d5b000 of 3992 bytes failed: Only part of a ReadProcessMemory or WriteProcessMemory request was completed. (0x12B)
[0917/111045.477:ERROR:process_memory_win.cc(73)] ReadMemory at 0x2d5c000 of 3992 bytes failed: Only part of a ReadProcessMemory or WriteProcessMemory request was completed. (0x12B)
[0917/111045.627:ERROR:process_memory_win.cc(73)] ReadMemory at 0x2d5d000 of 3992 bytes failed: Only part of a ReadProcessMemory or WriteProcessMemory request was completed. (0x12B)
[0917/111045.627:ERROR:process_memory_win.cc(73)] ReadMemory at 0x2d5e000 of 3992 bytes failed: Only part of a ReadProcessMemory or WriteProcessMemory request was completed. (0x12B)
[0917/111045.627:ERROR:process_memory_win.cc(73)] ReadMemory at 0x2d5f000 of 3992 bytes failed: Only part of a ReadProcessMemory or WriteProcessMemory request was completed. (0x12B)
[0917/111045.627:ERROR:process_memory_win.cc(73)] ReadMemory at 0x2d60000 of 3992 bytes failed: Only part of a ReadProcessMemory or WriteProcessMemory request was completed. (0x12B)
[0917/111045.627:ERROR:process_memory_win.cc(73)] ReadMemory at 0x2d61000 of 3992 bytes failed: Only part of a ReadProcessMemory or WriteProcessMemory request was completed. (0x12B)
[0917/111045.627:ERROR:process_memory_win.cc(73)] ReadMemory at 0x2d62000 of 3992 bytes failed: Only part of a ReadProcessMemory or WriteProcessMemory request was completed. (0x12B)
[0917/111045.627:ERROR:process_memory_win.cc(73)] ReadMemory at 0x2d64000 of 3992 bytes failed: Only part of a ReadProcessMemory or WriteProcessMemory request was completed. (0x12B)
[0917/111045.635:ERROR:process_memory_win.cc(73)] ReadMemory at 0x2d65000 of 3992 bytes failed: Only part of a ReadProcessMemory or WriteProcessMemory request was completed. (0x12B)
[0917/111045.667:ERROR:process_memory_win.cc(73)] ReadMemory at 0x2d66000 of 3992 bytes failed: Only part of a ReadProcessMemory or WriteProcessMemory request was completed. (0x12B)
[0917/111045.667:ERROR:process_memory_win.cc(73)] ReadMemory at 0x2d67000 of 3992 bytes failed: Only part of a ReadProcessMemory or WriteProcessMemory request was completed. (0x12B)
[0917/111045.667:ERROR:process_memory_win.cc(73)] ReadMemory at 0x2d68000 of 3992 bytes failed: Only part of a ReadProcessMemory or WriteProcessMemory request was completed. (0x12B)
[0917/111045.667:ERROR:process_memory_win.cc(73)] ReadMemory at 0x2d69000 of 3992 bytes failed: Only part of a ReadProcessMemory or WriteProcessMemory request was completed. (0x12B)
[0917/111045.667:ERROR:process_memory_win.cc(73)] ReadMemory at 0x30a0af0 of 16264 bytes failed: Only part of a ReadProcessMemory or WriteProcessMemory request was completed. (0x12B)
[0917/111045.667:ERROR:process_memory_win.cc(73)] ReadMemory at 0x30a4a80 of 660 bytes failed: Only part of a ReadProcessMemory or WriteProcessMemory request was completed. (0x12B)
[0917/111045.667:ERROR:process_memory_win.cc(73)] ReadMemory at 0x30a4f48 of 106 bytes failed: Only part of a ReadProcessMemory or WriteProcessMemory request was completed. (0x12B)
[0917/111045.667:ERROR:process_memory_win.cc(73)] ReadMemory at 0x30a4fb4 of 664 bytes failed: Only part of a ReadProcessMemory or WriteProcessMemory request was completed. (0x12B)
[0917/111045.667:ERROR:process_memory_win.cc(73)] ReadMemory at 0x30a524e of 106 bytes failed: Only part of a ReadProcessMemory or WriteProcessMemory request was completed. (0x12B)
[0917/111045.667:ERROR:process_memory_win.cc(73)] ReadMemory at 0x30a52ba of 100 bytes failed: Only part of a ReadProcessMemory or WriteProcessMemory request was completed. (0x12B)
[0917/111045.667:ERROR:process_memory_win.cc(73)] ReadMemory at 0x30a5330 of 58 bytes failed: Only part of a ReadProcessMemory or WriteProcessMemory request was completed. (0x12B)
[0917/111045.667:ERROR:process_memory_win.cc(73)] ReadMemory at 0x30a5420 of 72 bytes failed: Only part of a ReadProcessMemory or WriteProcessMemory request was completed. (0x12B)
[0917/111045.667:ERROR:process_memory_win.cc(73)] ReadMemory at 0x30a5508 of 72 bytes failed: Only part of a ReadProcessMemory or WriteProcessMemory request was completed. (0x12B)
[0917/111045.667:ERROR:process_memory_win.cc(73)] ReadMemory at 0x30a5608 of 114 bytes failed: Only part of a ReadProcessMemory or WriteProcessMemory request was completed. (0x12B)
[0917/111045.667:ERROR:process_memory_win.cc(73)] ReadMemory at 0x30a5938 of 72 bytes failed: Only part of a ReadProcessMemory or WriteProcessMemory request was completed. (0x12B)
[0917/111045.667:ERROR:process_memory_win.cc(73)] ReadMemory at 0x30a5a20 of 64 bytes failed: Only part of a ReadProcessMemory or WriteProcessMemory request was completed. (0x12B)
[0917/111045.667:ERROR:process_memory_win.cc(73)] ReadMemory at 0x30a5b00 of 72 bytes failed: Only part of a ReadProcessMemory or WriteProcessMemory request was completed. (0x12B)
[0917/111045.667:ERROR:process_memory_win.cc(73)] ReadMemory at 0x30a5ca8 of 72 bytes failed: Only part of a ReadProcessMemory or WriteProcessMemory request was completed. (0x12B)
[0917/111045.675:ERROR:process_memory_win.cc(73)] ReadMemory at 0x30a5d90 of 68 bytes failed: Only part of a ReadProcessMemory or WriteProcessMemory request was completed. (0x12B)
[0917/111045.675:ERROR:process_memory_win.cc(73)] ReadMemory at 0x30a67e8 of 72 bytes failed: Only part of a ReadProcessMemory or WriteProcessMemory request was completed. (0x12B)
[0917/111045.675:ERROR:process_memory_win.cc(73)] ReadMemory at 0x30a6898 of 142 bytes failed: Only part of a ReadProcessMemory or WriteProcessMemory request was completed. (0x12B)
[0917/111045.675:ERROR:process_memory_win.cc(73)] ReadMemory at 0x30a7328 of 72 bytes failed: Only part of a ReadProcessMemory or WriteProcessMemory request was completed. (0x12B)
[0917/111045.675:ERROR:process_memory_win.cc(73)] ReadMemory at 0x30a73d8 of 60 bytes failed: Only part of a ReadProcessMemory or WriteProcessMemory request was completed. (0x12B)
[0917/111045.675:ERROR:process_memory_win.cc(73)] ReadMemory at 0x30a7f10 of 62 bytes failed: Only part of a ReadProcessMemory or WriteProcessMemory request was completed. (0x12B)
[0917/111045.675:ERROR:process_memory_win.cc(73)] ReadMemory at 0x30b5368 of 64 bytes failed: Only part of a ReadProcessMemory or WriteProcessMemory request was completed. (0x12B)
[0917/111045.675:ERROR:process_memory_win.cc(73)] ReadMemory at 0x30b5458 of 64 bytes failed: Only part of a ReadProcessMemory or WriteProcessMemory request was completed. (0x12B)
[0917/111045.675:ERROR:process_memory_win.cc(73)] ReadMemory at 0x30b5598 of 64 bytes failed: Only part of a ReadProcessMemory or WriteProcessMemory request was completed. (0x12B)
[0917/111045.675:ERROR:process_memory_win.cc(73)] ReadMemory at 0x30b57c8 of 66 bytes failed: Only part of a ReadProcessMemory or WriteProcessMemory request was completed. (0x12B)
[0917/111045.675:ERROR:process_memory_win.cc(73)] ReadMemory at 0x30b58b8 of 64 bytes failed: Only part of a ReadProcessMemory or WriteProcessMemory request was completed. (0x12B)
[0917/111045.675:ERROR:process_memory_win.cc(73)] ReadMemory at 0x30b5908 of 64 bytes failed: Only part of a ReadProcessMemory or WriteProcessMemory request was completed. (0x12B)
[0917/111045.675:ERROR:process_memory_win.cc(73)] ReadMemory at 0x30b59a8 of 64 bytes failed: Only part of a ReadProcessMemory or WriteProcessMemory request was completed. (0x12B)
[0917/111045.675:ERROR:process_memory_win.cc(73)] ReadMemory at 0x30b59f8 of 64 bytes failed: Only part of a ReadProcessMemory or WriteProcessMemory request was completed. (0x12B)
[0917/111045.675:ERROR:process_memory_win.cc(73)] ReadMemory at 0x30b8138 of 72 bytes failed: Only part of a ReadProcessMemory or WriteProcessMemory request was completed. (0x12B)
[0917/111045.675:ERROR:process_memory_win.cc(73)] ReadMemory at 0x30b81e8 of 72 bytes failed: Only part of a ReadProcessMemory or WriteProcessMemory request was completed. (0x12B)
[0917/111045.675:ERROR:process_memory_win.cc(73)] ReadMemory at 0x30b83f8 of 72 bytes failed: Only part of a ReadProcessMemory or WriteProcessMemory request was completed. (0x12B)
[0917/111045.675:ERROR:process_memory_win.cc(73)] ReadMemory at 0x30b8558 of 72 bytes failed: Only part of a ReadProcessMemory or WriteProcessMemory request was completed. (0x12B)
[0917/111045.675:ERROR:process_memory_win.cc(73)] ReadMemory at 0x30b8608 of 72 bytes failed: Only part of a ReadProcessMemory or WriteProcessMemory request was completed. (0x12B)
[0917/111045.675:ERROR:process_memory_win.cc(73)] ReadMemory at 0x30b86b8 of 72 bytes failed: Only part of a ReadProcessMemory or WriteProcessMemory request was completed. (0x12B)
[0917/111045.675:ERROR:process_memory_win.cc(73)] ReadMemory at 0x30b88c8 of 72 bytes failed: Only part of a ReadProcessMemory or WriteProcessMemory request was completed. (0x12B)
[0917/111045.675:ERROR:process_memory_win.cc(73)] ReadMemory at 0x30b8978 of 72 bytes failed: Only part of a ReadProcessMemory or WriteProcessMemory request was completed. (0x12B)
[0917/111045.675:ERROR:process_memory_win.cc(73)] ReadMemory at 0x30b8a28 of 72 bytes failed: Only part of a ReadProcessMemory or WriteProcessMemory request was completed. (0x12B)
[0917/111045.675:ERROR:process_memory_win.cc(73)] ReadMemory at 0x30b8b88 of 72 bytes failed: Only part of a ReadProcessMemory or WriteProcessMemory request was completed. (0x12B)
[0917/111045.675:ERROR:process_memory_win.cc(73)] ReadMemory at 0x30b8c38 of 72 bytes failed: Only part of a ReadProcessMemory or WriteProcessMemory request was completed. (0x12B)
[0917/111045.675:ERROR:process_memory_win.cc(73)] ReadMemory at 0x30b8ce8 of 72 bytes failed: Only part of a ReadProcessMemory or WriteProcessMemory request was completed. (0x12B)
[0917/111045.675:ERROR:process_memory_win.cc(73)] ReadMemory at 0x30b8e48 of 72 bytes failed: Only part of a ReadProcessMemory or WriteProcessMemory request was completed. (0x12B)
[0917/111045.675:ERROR:process_memory_win.cc(73)] ReadMemory at 0x30b8ef8 of 72 bytes failed: Only part of a ReadProcessMemory or WriteProcessMemory request was completed. (0x12B)
[0917/111045.687:ERROR:process_memory_win.cc(73)] ReadMemory at 0x30ba718 of 72 bytes failed: Only part of a ReadProcessMemory or WriteProcessMemory request was completed. (0x12B)
[0917/111045.687:ERROR:process_memory_win.cc(73)] ReadMemory at 0x30bb8a8 of 72 bytes failed: Only part of a ReadProcessMemory or WriteProcessMemory request was completed. (0x12B)
[0917/111045.691:ERROR:process_memory_win.cc(73)] ReadMemory at 0x30bb9e8 of 72 bytes failed: Only part of a ReadProcessMemory or WriteProcessMemory request was completed. (0x12B)
[0917/111045.691:ERROR:process_memory_win.cc(73)] ReadMemory at 0x30bbbc8 of 72 bytes failed: Only part of a ReadProcessMemory or WriteProcessMemory request was completed. (0x12B)
[0917/111045.691:ERROR:process_memory_win.cc(73)] ReadMemory at 0x30bbd30 of 72 bytes failed: Only part of a ReadProcessMemory or WriteProcessMemory request was completed. (0x12B)
[0917/111045.691:ERROR:process_memory_win.cc(73)] ReadMemory at 0x30bbe70 of 80 bytes failed: Only part of a ReadProcessMemory or WriteProcessMemory request was completed. (0x12B)
[0917/111045.691:ERROR:process_memory_win.cc(73)] ReadMemory at 0x30bdcf8 of 72 bytes failed: Only part of a ReadProcessMemory or WriteProcessMemory request was completed. (0x12B)
[0917/111045.691:ERROR:process_memory_win.cc(73)] ReadMemory at 0x30bdda8 of 72 bytes failed: Only part of a ReadProcessMemory or WriteProcessMemory request was completed. (0x12B)
[0917/111045.691:ERROR:process_memory_win.cc(73)] ReadMemory at 0x30bded8 of 134 bytes failed: Only part of a ReadProcessMemory or WriteProcessMemory request was completed. (0x12B)
[0917/111045.691:ERROR:process_memory_win.cc(73)] ReadMemory at 0x30bdf68 of 72 bytes failed: Only part of a ReadProcessMemory or WriteProcessMemory request was completed. (0x12B)
[0917/111045.691:ERROR:process_memory_win.cc(73)] ReadMemory at 0x30be310 of 80 bytes failed: Only part of a ReadProcessMemory or WriteProcessMemory request was completed. (0x12B)
[0917/111045.691:ERROR:process_memory_win.cc(73)] ReadMemory at 0x30c08e8 of 62 bytes failed: Only part of a ReadProcessMemory or WriteProcessMemory request was completed. (0x12B)
[0917/111045.691:ERROR:process_memory_win.cc(73)] ReadMemory at 0x30c0930 of 60 bytes failed: Only part of a ReadProcessMemory or WriteProcessMemory request was completed. (0x12B)
[0917/111045.691:ERROR:process_memory_win.cc(73)] ReadMemory at 0x30c09c0 of 62 bytes failed: Only part of a ReadProcessMemory or WriteProcessMemory request was completed. (0x12B)
[0917/111045.691:ERROR:process_memory_win.cc(73)] ReadMemory at 0x30c0f18 of 62 bytes failed: Only part of a ReadProcessMemory or WriteProcessMemory request was completed. (0x12B)
[0917/111045.691:ERROR:process_memory_win.cc(73)] ReadMemory at 0x30c0fa8 of 62 bytes failed: Only part of a ReadProcessMemory or WriteProcessMemory request was completed. (0x12B)
[0917/111045.691:ERROR:process_memory_win.cc(73)] ReadMemory at 0x30c10c8 of 60 bytes failed: Only part of a ReadProcessMemory or WriteProcessMemory request was completed. (0x12B)
[0917/111045.695:ERROR:process_memory_win.cc(73)] ReadMemory at 0x30c1110 of 62 bytes failed: Only part of a ReadProcessMemory or WriteProcessMemory request was completed. (0x12B)
[0917/111045.695:ERROR:process_memory_win.cc(73)] ReadMemory at 0x30c1278 of 58 bytes failed: Only part of a ReadProcessMemory or WriteProcessMemory request was completed. (0x12B)
[0917/111045.695:ERROR:process_memory_win.cc(73)] ReadMemory at 0x30c14b8 of 60 bytes failed: Only part of a ReadProcessMemory or WriteProcessMemory request was completed. (0x12B)
[0917/111045.695:ERROR:process_memory_win.cc(73)] ReadMemory at 0x30c1500 of 60 bytes failed: Only part of a ReadProcessMemory or WriteProcessMemory request was completed. (0x12B)
[0917/111045.695:ERROR:process_memory_win.cc(73)] ReadMemory at 0x30c1548 of 62 bytes failed: Only part of a ReadProcessMemory or WriteProcessMemory request was completed. (0x12B)
[0917/111045.695:ERROR:process_memory_win.cc(73)] ReadMemory at 0x30c15d8 of 62 bytes failed: Only part of a ReadProcessMemory or WriteProcessMemory request was completed. (0x12B)
[0917/111045.695:ERROR:process_memory_win.cc(73)] ReadMemory at 0x30c1620 of 62 bytes failed: Only part of a ReadProcessMemory or WriteProcessMemory request was completed. (0x12B)
[0917/111045.695:ERROR:process_memory_win.cc(73)] ReadMemory at 0x30c1740 of 62 bytes failed: Only part of a ReadProcessMemory or WriteProcessMemory request was completed. (0x12B)
[0917/111045.695:ERROR:process_memory_win.cc(73)] ReadMemory at 0x30c3fd8 of 72 bytes failed: Only part of a ReadProcessMemory or WriteProcessMemory request was completed. (0x12B)
[0917/111045.699:ERROR:process_memory_win.cc(73)] ReadMemory at 0x30c60b0 of 72 bytes failed: Only part of a ReadProcessMemory or WriteProcessMemory request was completed. (0x12B)
[0917/111045.699:ERROR:process_memory_win.cc(73)] ReadMemory at 0x30c61e8 of 72 bytes failed: Only part of a ReadProcessMemory or WriteProcessMemory request was completed. (0x12B)
[0917/111045.699:ERROR:process_memory_win.cc(73)] ReadMemory at 0x30f9f38 of 512 bytes failed: Only part of a ReadProcessMemory or WriteProcessMemory request was completed. (0x12B)
[0917/111045.699:ERROR:process_memory_win.cc(73)] ReadMemory at 0x310d0e0 of 512 bytes failed: Only part of a ReadProcessMemory or WriteProcessMemory request was completed. (0x12B)
[0917/111045.699:ERROR:process_memory_win.cc(73)] ReadMemory at 0x3125750 of 512 bytes failed: Only part of a ReadProcessMemory or WriteProcessMemory request was completed. (0x12B)
[0917/111045.699:ERROR:process_memory_win.cc(73)] ReadMemory at 0x3126c58 of 512 bytes failed: Only part of a ReadProcessMemory or WriteProcessMemory request was completed. (0x12B)
[0917/111045.699:ERROR:process_memory_win.cc(73)] ReadMemory at 0x31403a8 of 512 bytes failed: Only part of a ReadProcessMemory or WriteProcessMemory request was completed. (0x12B)
[0917/111045.699:ERROR:process_memory_win.cc(73)] ReadMemory at 0x33c0061 of 512 bytes failed: Only part of a ReadProcessMemory or WriteProcessMemory request was completed. (0x12B)
[0917/111045.699:ERROR:process_memory_win.cc(73)] ReadMemory at 0x5701bd2 of 882 bytes failed: Only part of a ReadProcessMemory or WriteProcessMemory request was completed. (0x12B)
[0917/111045.699:ERROR:process_memory_win.cc(73)] ReadMemory at 0x67e79f9 of 512 bytes failed: Only part of a ReadProcessMemory or WriteProcessMemory request was completed. (0x12B)
[0917/111045.699:ERROR:process_memory_win.cc(73)] ReadMemory at 0x71ce0ac of 512 bytes failed: Only part of a ReadProcessMemory or WriteProcessMemory request was completed. (0x12B)
[0917/111045.699:ERROR:process_memory_win.cc(73)] ReadMemory at 0x936e7d9 of 512 bytes failed: Only part of a ReadProcessMemory or WriteProcessMemory request was completed. (0x12B)
[0917/111045.699:ERROR:process_memory_win.cc(73)] ReadMemory at 0xa06f3ad of 512 bytes failed: Only part of a ReadProcessMemory or WriteProcessMemory request was completed. (0x12B)
[0917/111045.699:ERROR:process_memory_win.cc(73)] ReadMemory at 0xa072ec1 of 512 bytes failed: Only part of a ReadProcessMemory or WriteProcessMemory request was completed. (0x12B)
[0917/111045.699:ERROR:process_memory_win.cc(73)] ReadMemory at 0x77449184 of 18 bytes failed: Only part of a ReadProcessMemory or WriteProcessMemory request was completed. (0x12B)
[0917/111045.699:ERROR:process_memory_win.cc(73)] ReadMemory at 0x774d14d0 of 512 bytes failed: Only part of a ReadProcessMemory or WriteProcessMemory request was completed. (0x12B)
[0917/111045.699:ERROR:process_memory_win.cc(73)] ReadMemory at 0x7755e350 of 24 bytes failed: Only part of a ReadProcessMemory or WriteProcessMemory request was completed. (0x12B)
[0917/111045.699:ERROR:process_memory_win.cc(73)] ReadMemory at 0x7755e714 of 32 bytes failed: Only part of a ReadProcessMemory or WriteProcessMemory request was completed. (0x12B)
[0917/111045.699:ERROR:process_memory_win.cc(73)] ReadMemory at 0x77560c60 of 36 bytes failed: Only part of a ReadProcessMemory or WriteProcessMemory request was completed. (0x12B)
[0917/111045.699:ERROR:process_memory_win.cc(73)] ReadMemory at 0x7908e1c0 of 512 bytes failed: Only part of a ReadProcessMemory or WriteProcessMemory request was completed. (0x12B)
[0917/111045.699:ERROR:process_memory_win.cc(73)] ReadMemory at 0x7908e7c0 of 512 bytes failed: Only part of a ReadProcessMemory or WriteProcessMemory request was completed. (0x12B)
[0917/111045.763:ERROR:scoped_process_suspend.cc(40)] NtResumeProcess: An attempt was made to access an exiting process. (0xc000010a)
[1020/110158.306:ERROR:directory_reader_win.cc(43)] FindFirstFile: The system cannot find the path specified. (0x3)
